

Started GET "/assets/rails.png" for 127.0.0.1 at 2012-05-25 14:08:35 -0700
Served asset /rails.png - 200 OK (74ms)
Connecting to database specified by database.yml
Connecting to database specified by database.yml
  [1m[36m (0.0ms)[0m  [1mselect sqlite_version(*)[0m
  [1m[35m (8.0ms)[0m  CREATE TABLE "schema_migrations" ("version" varchar(255) NOT NULL) 
  [1m[36m (0.0ms)[0m  [1mPRAGMA index_list("schema_migrations")[0m
  [1m[35m (8.0ms)[0m  CREATE UNIQUE INDEX "unique_schema_migrations" ON "schema_migrations" ("version")
  [1m[36m (0.0ms)[0m  [1mSELECT "schema_migrations"."version" FROM "schema_migrations" [0m
Migrating to CreateUsers (20120531181310)
  [1m[35m (0.0ms)[0m  begin transaction
  [1m[36m (1.0ms)[0m  [1mCREATE TABLE "users" ("id" INTEGER PRIMARY KEY AUTOINCREMENT NOT NULL, "name" varchar(255), "email" varchar(255), "created_at" datetime NOT NULL, "updated_at" datetime NOT NULL) [0m
  [1m[35m (1.0ms)[0m  INSERT INTO "schema_migrations" ("version") VALUES ('20120531181310')
  [1m[36m (5.0ms)[0m  [1mcommit transaction[0m
  [1m[35m (0.0ms)[0m  select sqlite_version(*)
  [1m[36m (0.0ms)[0m  [1mSELECT "schema_migrations"."version" FROM "schema_migrations" [0m
  [1m[35m (0.0ms)[0m  PRAGMA index_list("users")


Started GET "/assets/rails.png" for 127.0.0.1 at 2012-05-31 11:18:14 -0700
Connecting to database specified by database.yml
Served asset /rails.png - 200 OK (7ms)


Started GET "/users" for 127.0.0.1 at 2012-05-31 11:19:08 -0700
Processing by UsersController#index as HTML
  [1m[36mUser Load (0.0ms)[0m  [1mSELECT "users".* FROM "users" [0m
  Rendered users/index.html.erb within layouts/application (33.0ms)
Compiled scaffolds.css  (46ms)  (pid 4532)
Compiled users.css  (4ms)  (pid 4532)
Compiled application.css  (128ms)  (pid 4532)
Compiled jquery.js  (3ms)  (pid 4532)
Compiled jquery_ujs.js  (0ms)  (pid 4532)
Compiled users.js  (528ms)  (pid 4532)
Compiled application.js  (714ms)  (pid 4532)
Completed 200 OK in 1427ms (Views: 1191.1ms | ActiveRecord: 16.0ms)


Started GET "/assets/application.css?body=1" for 127.0.0.1 at 2012-05-31 11:19:10 -0700
Served asset /application.css - 200 OK (27ms)


Started GET "/assets/scaffolds.css?body=1" for 127.0.0.1 at 2012-05-31 11:19:10 -0700
Served asset /scaffolds.css - 200 OK (3ms)


Started GET "/assets/users.css?body=1" for 127.0.0.1 at 2012-05-31 11:19:10 -0700
Served asset /users.css - 200 OK (21ms)


Started GET "/assets/jquery.js?body=1" for 127.0.0.1 at 2012-05-31 11:19:10 -0700
Served asset /jquery.js - 200 OK (11ms)


Started GET "/assets/jquery_ujs.js?body=1" for 127.0.0.1 at 2012-05-31 11:19:10 -0700
Served asset /jquery_ujs.js - 200 OK (12ms)


Started GET "/assets/users.js?body=1" for 127.0.0.1 at 2012-05-31 11:19:10 -0700
Served asset /users.js - 200 OK (3ms)


Started GET "/assets/application.js?body=1" for 127.0.0.1 at 2012-05-31 11:19:11 -0700
Served asset /application.js - 200 OK (9ms)


Started GET "/users/new" for 127.0.0.1 at 2012-05-31 11:19:13 -0700
Processing by UsersController#new as HTML
  Rendered users/_form.html.erb (65.0ms)
  Rendered users/new.html.erb within layouts/application (102.0ms)
Completed 200 OK in 117ms (Views: 111.0ms | ActiveRecord: 0.0ms)


Started GET "/assets/users.js?body=1" for 127.0.0.1 at 2012-05-31 11:19:13 -0700
Served asset /users.js - 304 Not Modified (0ms)


Started GET "/assets/scaffolds.css?body=1" for 127.0.0.1 at 2012-05-31 11:19:14 -0700
Served asset /scaffolds.css - 304 Not Modified (0ms)


Started GET "/assets/application.css?body=1" for 127.0.0.1 at 2012-05-31 11:19:14 -0700
Served asset /application.css - 304 Not Modified (0ms)


Started GET "/assets/jquery.js?body=1" for 127.0.0.1 at 2012-05-31 11:19:14 -0700
Served asset /jquery.js - 304 Not Modified (0ms)


Started GET "/assets/jquery_ujs.js?body=1" for 127.0.0.1 at 2012-05-31 11:19:14 -0700
Served asset /jquery_ujs.js - 304 Not Modified (0ms)


Started GET "/assets/users.css?body=1" for 127.0.0.1 at 2012-05-31 11:19:14 -0700
Served asset /users.css - 304 Not Modified (0ms)


Started GET "/assets/application.js?body=1" for 127.0.0.1 at 2012-05-31 11:19:14 -0700
Served asset /application.js - 304 Not Modified (0ms)


Started POST "/users" for 127.0.0.1 at 2012-05-31 11:19:20 -0700
Processing by UsersController#create as HTML
  Parameters: {"utf8"=>"✓", "authenticity_token"=>"Yf56G+nCcl8XckFKMjqMyMNxXgep1W2m/hEoW3ZbPxY=", "user"=>{"name"=>"blah", "email"=>"blah"}, "commit"=>"Create User"}
  [1m[35m (0.0ms)[0m  begin transaction
  [1m[36mSQL (68.0ms)[0m  [1mINSERT INTO "users" ("created_at", "email", "name", "updated_at") VALUES (?, ?, ?, ?)[0m  [["created_at", Thu, 31 May 2012 18:19:20 UTC +00:00], ["email", "blah"], ["name", "blah"], ["updated_at", Thu, 31 May 2012 18:19:20 UTC +00:00]]
  [1m[35m (7.0ms)[0m  commit transaction
Redirected to http://localhost:3000/users/1
Completed 302 Found in 78ms (ActiveRecord: 75.0ms)


Started GET "/users/1" for 127.0.0.1 at 2012-05-31 11:19:20 -0700
Processing by UsersController#show as HTML
  Parameters: {"id"=>"1"}
  [1m[36mUser Load (1.0ms)[0m  [1mSELECT "users".* FROM "users" WHERE "users"."id" = ? LIMIT 1[0m  [["id", "1"]]
  Rendered users/show.html.erb within layouts/application (1.0ms)
Completed 200 OK in 15ms (Views: 13.0ms | ActiveRecord: 1.0ms)


Started GET "/assets/application.css?body=1" for 127.0.0.1 at 2012-05-31 11:19:21 -0700
Served asset /application.css - 304 Not Modified (0ms)


Started GET "/assets/jquery.js?body=1" for 127.0.0.1 at 2012-05-31 11:19:22 -0700
Served asset /jquery.js - 304 Not Modified (0ms)


Started GET "/assets/users.css?body=1" for 127.0.0.1 at 2012-05-31 11:19:22 -0700
Served asset /users.css - 304 Not Modified (0ms)


Started GET "/assets/scaffolds.css?body=1" for 127.0.0.1 at 2012-05-31 11:19:22 -0700
Served asset /scaffolds.css - 304 Not Modified (0ms)


Started GET "/assets/jquery_ujs.js?body=1" for 127.0.0.1 at 2012-05-31 11:19:22 -0700
Served asset /jquery_ujs.js - 304 Not Modified (0ms)


Started GET "/assets/users.js?body=1" for 127.0.0.1 at 2012-05-31 11:19:22 -0700
Served asset /users.js - 304 Not Modified (0ms)


Started GET "/assets/application.js?body=1" for 127.0.0.1 at 2012-05-31 11:19:22 -0700
Served asset /application.js - 304 Not Modified (0ms)


Started GET "/users" for 127.0.0.1 at 2012-05-31 11:19:25 -0700
Processing by UsersController#index as HTML
  [1m[35mUser Load (1.0ms)[0m  SELECT "users".* FROM "users" 
  Rendered users/index.html.erb within layouts/application (1.0ms)
Completed 200 OK in 11ms (Views: 10.0ms | ActiveRecord: 1.0ms)


Started GET "/assets/application.css?body=1" for 127.0.0.1 at 2012-05-31 11:19:26 -0700
Served asset /application.css - 304 Not Modified (1ms)


Started GET "/assets/jquery.js?body=1" for 127.0.0.1 at 2012-05-31 11:19:26 -0700
Served asset /jquery.js - 304 Not Modified (0ms)


Started GET "/assets/scaffolds.css?body=1" for 127.0.0.1 at 2012-05-31 11:19:26 -0700
Served asset /scaffolds.css - 304 Not Modified (0ms)


Started GET "/assets/users.css?body=1" for 127.0.0.1 at 2012-05-31 11:19:26 -0700
Served asset /users.css - 304 Not Modified (0ms)


Started GET "/assets/jquery_ujs.js?body=1" for 127.0.0.1 at 2012-05-31 11:19:26 -0700
Served asset /jquery_ujs.js - 304 Not Modified (0ms)


Started GET "/assets/users.js?body=1" for 127.0.0.1 at 2012-05-31 11:19:26 -0700
Served asset /users.js - 304 Not Modified (0ms)


Started GET "/assets/application.js?body=1" for 127.0.0.1 at 2012-05-31 11:19:27 -0700
Served asset /application.js - 304 Not Modified (1ms)
Connecting to database specified by database.yml
Connecting to database specified by database.yml
  [1m[36m (0.0ms)[0m  [1mSELECT "schema_migrations"."version" FROM "schema_migrations" [0m
Migrating to CreateUsers (20120531181310)
Migrating to CreateMicroposts (20120531210402)
  [1m[35m (0.0ms)[0m  select sqlite_version(*)
  [1m[36m (0.0ms)[0m  [1mbegin transaction[0m
  [1m[35m (1.0ms)[0m  CREATE TABLE "microposts" ("id" INTEGER PRIMARY KEY AUTOINCREMENT NOT NULL, "content" varchar(255), "user_id" integer, "created_at" datetime NOT NULL, "updated_at" datetime NOT NULL) 
  [1m[36m (1.0ms)[0m  [1mINSERT INTO "schema_migrations" ("version") VALUES ('20120531210402')[0m
  [1m[35m (345.0ms)[0m  commit transaction
  [1m[36m (0.0ms)[0m  [1mselect sqlite_version(*)[0m
  [1m[35m (0.0ms)[0m  SELECT "schema_migrations"."version" FROM "schema_migrations" 
  [1m[36m (0.0ms)[0m  [1mPRAGMA index_list("microposts")[0m
  [1m[35m (0.0ms)[0m  PRAGMA index_list("users")
